<?xml version="1.0" encoding="UTF-8"?>
<testsuite xmlns:xsi="http://www.w3.org/2001/XMLSchema-instance" xsi:noNamespaceSchemaLocation="https://maven.apache.org/surefire/maven-surefire-plugin/xsd/surefire-test-report-3.0.xsd" version="3.0" name="com.tournament.auth.AuthorizationTests$AdminRole" time="0.423" tests="2" errors="0" skipped="0" failures="0">
  <properties>
    <property name="java.specification.version" value="17"/>
    <property name="sun.cpu.isalist" value="amd64"/>
    <property name="sun.jnu.encoding" value="Cp1252"/>
    <property name="java.class.path" value="C:\Users\ASUS\Desktop\MEI-SGJI\QSOFT\Trabalho\QSOFT20252026_502\Part1\project\target\test-classes;C:\Users\ASUS\Desktop\MEI-SGJI\QSOFT\Trabalho\QSOFT20252026_502\Part1\project\target\classes;C:\Users\ASUS\.m2\repository\com\tngtech\archunit\archunit-junit5\1.3.0\archunit-junit5-1.3.0.jar;C:\Users\ASUS\.m2\repository\com\tngtech\archunit\archunit-junit5-api\1.3.0\archunit-junit5-api-1.3.0.jar;C:\Users\ASUS\.m2\repository\com\tngtech\archunit\archunit\1.3.0\archunit-1.3.0.jar;C:\Users\ASUS\.m2\repository\com\tngtech\archunit\archunit-junit5-engine\1.3.0\archunit-junit5-engine-1.3.0.jar;C:\Users\ASUS\.m2\repository\com\tngtech\archunit\archunit-junit5-engine-api\1.3.0\archunit-junit5-engine-api-1.3.0.jar;C:\Users\ASUS\.m2\repository\org\junit\platform\junit-platform-engine\1.9.3\junit-platform-engine-1.9.3.jar;C:\Users\ASUS\.m2\repository\org\springframework\boot\spring-boot-starter-data-jpa\3.1.5\spring-boot-starter-data-jpa-3.1.5.jar;C:\Users\ASUS\.m2\repository\org\springframework\boot\spring-boot-starter-aop\3.1.5\spring-boot-starter-aop-3.1.5.jar;C:\Users\ASUS\.m2\repository\org\aspectj\aspectjweaver\1.9.20\aspectjweaver-1.9.20.jar;C:\Users\ASUS\.m2\repository\org\springframework\boot\spring-boot-starter-jdbc\3.1.5\spring-boot-starter-jdbc-3.1.5.jar;C:\Users\ASUS\.m2\repository\com\zaxxer\HikariCP\5.0.1\HikariCP-5.0.1.jar;C:\Users\ASUS\.m2\repository\org\springframework\spring-jdbc\6.0.13\spring-jdbc-6.0.13.jar;C:\Users\ASUS\.m2\repository\org\hibernate\orm\hibernate-core\6.2.13.Final\hibernate-core-6.2.13.Final.jar;C:\Users\ASUS\.m2\repository\jakarta\persistence\jakarta.persistence-api\3.1.0\jakarta.persistence-api-3.1.0.jar;C:\Users\ASUS\.m2\repository\jakarta\transaction\jakarta.transaction-api\2.0.1\jakarta.transaction-api-2.0.1.jar;C:\Users\ASUS\.m2\repository\org\jboss\logging\jboss-logging\3.5.3.Final\jboss-logging-3.5.3.Final.jar;C:\Users\ASUS\.m2\repository\org\hibernate\common\hibernate-commons-annotations\6.0.6.Final\hibernate-commons-annotations-6.0.6.Final.jar;C:\Users\ASUS\.m2\repository\io\smallrye\jandex\3.0.5\jandex-3.0.5.jar;C:\Users\ASUS\.m2\repository\com\fasterxml\classmate\1.5.1\classmate-1.5.1.jar;C:\Users\ASUS\.m2\repository\net\bytebuddy\byte-buddy\1.14.9\byte-buddy-1.14.9.jar;C:\Users\ASUS\.m2\repository\org\glassfish\jaxb\jaxb-runtime\4.0.3\jaxb-runtime-4.0.3.jar;C:\Users\ASUS\.m2\repository\org\glassfish\jaxb\jaxb-core\4.0.3\jaxb-core-4.0.3.jar;C:\Users\ASUS\.m2\repository\org\eclipse\angus\angus-activation\2.0.1\angus-activation-2.0.1.jar;C:\Users\ASUS\.m2\repository\org\glassfish\jaxb\txw2\4.0.3\txw2-4.0.3.jar;C:\Users\ASUS\.m2\repository\com\sun\istack\istack-commons-runtime\4.1.2\istack-commons-runtime-4.1.2.jar;C:\Users\ASUS\.m2\repository\jakarta\inject\jakarta.inject-api\2.0.1\jakarta.inject-api-2.0.1.jar;C:\Users\ASUS\.m2\repository\org\antlr\antlr4-runtime\4.10.1\antlr4-runtime-4.10.1.jar;C:\Users\ASUS\.m2\repository\org\springframework\data\spring-data-jpa\3.1.5\spring-data-jpa-3.1.5.jar;C:\Users\ASUS\.m2\repository\org\springframework\data\spring-data-commons\3.1.5\spring-data-commons-3.1.5.jar;C:\Users\ASUS\.m2\repository\org\springframework\spring-orm\6.0.13\spring-orm-6.0.13.jar;C:\Users\ASUS\.m2\repository\org\springframework\spring-context\6.0.13\spring-context-6.0.13.jar;C:\Users\ASUS\.m2\repository\org\springframework\spring-tx\6.0.13\spring-tx-6.0.13.jar;C:\Users\ASUS\.m2\repository\org\springframework\spring-beans\6.0.13\spring-beans-6.0.13.jar;C:\Users\ASUS\.m2\repository\jakarta\annotation\jakarta.annotation-api\2.1.1\jakarta.annotation-api-2.1.1.jar;C:\Users\ASUS\.m2\repository\org\slf4j\slf4j-api\2.0.9\slf4j-api-2.0.9.jar;C:\Users\ASUS\.m2\repository\org\springframework\spring-aspects\6.0.13\spring-aspects-6.0.13.jar;C:\Users\ASUS\.m2\repository\org\springframework\boot\spring-boot-starter-web\3.1.5\spring-boot-starter-web-3.1.5.jar;C:\Users\ASUS\.m2\repository\org\springframework\boot\spring-boot-starter\3.1.5\spring-boot-starter-3.1.5.jar;C:\Users\ASUS\.m2\repository\org\springframework\boot\spring-boot\3.1.5\spring-boot-3.1.5.jar;C:\Users\ASUS\.m2\repository\org\springframework\boot\spring-boot-autoconfigure\3.1.5\spring-boot-autoconfigure-3.1.5.jar;C:\Users\ASUS\.m2\repository\org\springframework\boot\spring-boot-starter-logging\3.1.5\spring-boot-starter-logging-3.1.5.jar;C:\Users\ASUS\.m2\repository\ch\qos\logback\logback-classic\1.4.11\logback-classic-1.4.11.jar;C:\Users\ASUS\.m2\repository\ch\qos\logback\logback-core\1.4.11\logback-core-1.4.11.jar;C:\Users\ASUS\.m2\repository\org\apache\logging\log4j\log4j-to-slf4j\2.20.0\log4j-to-slf4j-2.20.0.jar;C:\Users\ASUS\.m2\repository\org\apache\logging\log4j\log4j-api\2.20.0\log4j-api-2.20.0.jar;C:\Users\ASUS\.m2\repository\org\slf4j\jul-to-slf4j\2.0.9\jul-to-slf4j-2.0.9.jar;C:\Users\ASUS\.m2\repository\org\yaml\snakeyaml\1.33\snakeyaml-1.33.jar;C:\Users\ASUS\.m2\repository\org\springframework\boot\spring-boot-starter-json\3.1.5\spring-boot-starter-json-3.1.5.jar;C:\Users\ASUS\.m2\repository\com\fasterxml\jackson\datatype\jackson-datatype-jdk8\2.15.3\jackson-datatype-jdk8-2.15.3.jar;C:\Users\ASUS\.m2\repository\com\fasterxml\jackson\datatype\jackson-datatype-jsr310\2.15.3\jackson-datatype-jsr310-2.15.3.jar;C:\Users\ASUS\.m2\repository\com\fasterxml\jackson\module\jackson-module-parameter-names\2.15.3\jackson-module-parameter-names-2.15.3.jar;C:\Users\ASUS\.m2\repository\org\springframework\boot\spring-boot-starter-tomcat\3.1.5\spring-boot-starter-tomcat-3.1.5.jar;C:\Users\ASUS\.m2\repository\org\apache\tomcat\embed\tomcat-embed-core\10.1.15\tomcat-embed-core-10.1.15.jar;C:\Users\ASUS\.m2\repository\org\apache\tomcat\embed\tomcat-embed-websocket\10.1.15\tomcat-embed-websocket-10.1.15.jar;C:\Users\ASUS\.m2\repository\org\springframework\spring-web\6.0.13\spring-web-6.0.13.jar;C:\Users\ASUS\.m2\repository\io\micrometer\micrometer-observation\1.11.5\micrometer-observation-1.11.5.jar;C:\Users\ASUS\.m2\repository\io\micrometer\micrometer-commons\1.11.5\micrometer-commons-1.11.5.jar;C:\Users\ASUS\.m2\repository\org\springframework\spring-webmvc\6.0.13\spring-webmvc-6.0.13.jar;C:\Users\ASUS\.m2\repository\org\springframework\spring-expression\6.0.13\spring-expression-6.0.13.jar;C:\Users\ASUS\.m2\repository\org\springframework\boot\spring-boot-starter-validation\3.1.5\spring-boot-starter-validation-3.1.5.jar;C:\Users\ASUS\.m2\repository\org\apache\tomcat\embed\tomcat-embed-el\10.1.15\tomcat-embed-el-10.1.15.jar;C:\Users\ASUS\.m2\repository\org\hibernate\validator\hibernate-validator\8.0.1.Final\hibernate-validator-8.0.1.Final.jar;C:\Users\ASUS\.m2\repository\jakarta\validation\jakarta.validation-api\3.0.2\jakarta.validation-api-3.0.2.jar;C:\Users\ASUS\.m2\repository\org\springframework\boot\spring-boot-starter-security\3.1.5\spring-boot-starter-security-3.1.5.jar;C:\Users\ASUS\.m2\repository\org\springframework\spring-aop\6.0.13\spring-aop-6.0.13.jar;C:\Users\ASUS\.m2\repository\org\springframework\security\spring-security-config\6.1.5\spring-security-config-6.1.5.jar;C:\Users\ASUS\.m2\repository\org\springframework\security\spring-security-web\6.1.5\spring-security-web-6.1.5.jar;C:\Users\ASUS\.m2\repository\org\springdoc\springdoc-openapi-starter-webmvc-ui\2.5.0\springdoc-openapi-starter-webmvc-ui-2.5.0.jar;C:\Users\ASUS\.m2\repository\org\springdoc\springdoc-openapi-starter-webmvc-api\2.5.0\springdoc-openapi-starter-webmvc-api-2.5.0.jar;C:\Users\ASUS\.m2\repository\org\springdoc\springdoc-openapi-starter-common\2.5.0\springdoc-openapi-starter-common-2.5.0.jar;C:\Users\ASUS\.m2\repository\io\swagger\core\v3\swagger-core-jakarta\2.2.21\swagger-core-jakarta-2.2.21.jar;C:\Users\ASUS\.m2\repository\org\apache\commons\commons-lang3\3.12.0\commons-lang3-3.12.0.jar;C:\Users\ASUS\.m2\repository\io\swagger\core\v3\swagger-annotations-jakarta\2.2.21\swagger-annotations-jakarta-2.2.21.jar;C:\Users\ASUS\.m2\repository\io\swagger\core\v3\swagger-models-jakarta\2.2.21\swagger-models-jakarta-2.2.21.jar;C:\Users\ASUS\.m2\repository\com\fasterxml\jackson\dataformat\jackson-dataformat-yaml\2.15.3\jackson-dataformat-yaml-2.15.3.jar;C:\Users\ASUS\.m2\repository\org\webjars\swagger-ui\5.13.0\swagger-ui-5.13.0.jar;C:\Users\ASUS\.m2\repository\com\h2database\h2\2.1.214\h2-2.1.214.jar;C:\Users\ASUS\.m2\repository\org\springframework\boot\spring-boot-starter-test\3.1.5\spring-boot-starter-test-3.1.5.jar;C:\Users\ASUS\.m2\repository\org\springframework\boot\spring-boot-test\3.1.5\spring-boot-test-3.1.5.jar;C:\Users\ASUS\.m2\repository\org\springframework\boot\spring-boot-test-autoconfigure\3.1.5\spring-boot-test-autoconfigure-3.1.5.jar;C:\Users\ASUS\.m2\repository\com\jayway\jsonpath\json-path\2.8.0\json-path-2.8.0.jar;C:\Users\ASUS\.m2\repository\jakarta\xml\bind\jakarta.xml.bind-api\4.0.1\jakarta.xml.bind-api-4.0.1.jar;C:\Users\ASUS\.m2\repository\jakarta\activation\jakarta.activation-api\2.1.2\jakarta.activation-api-2.1.2.jar;C:\Users\ASUS\.m2\repository\net\minidev\json-smart\2.4.11\json-smart-2.4.11.jar;C:\Users\ASUS\.m2\repository\net\minidev\accessors-smart\2.4.11\accessors-smart-2.4.11.jar;C:\Users\ASUS\.m2\repository\org\ow2\asm\asm\9.3\asm-9.3.jar;C:\Users\ASUS\.m2\repository\org\assertj\assertj-core\3.24.2\assertj-core-3.24.2.jar;C:\Users\ASUS\.m2\repository\org\hamcrest\hamcrest\2.2\hamcrest-2.2.jar;C:\Users\ASUS\.m2\repository\org\junit\jupiter\junit-jupiter\5.9.3\junit-jupiter-5.9.3.jar;C:\Users\ASUS\.m2\repository\org\junit\jupiter\junit-jupiter-api\5.9.3\junit-jupiter-api-5.9.3.jar;C:\Users\ASUS\.m2\repository\org\opentest4j\opentest4j\1.2.0\opentest4j-1.2.0.jar;C:\Users\ASUS\.m2\repository\org\junit\platform\junit-platform-commons\1.9.3\junit-platform-commons-1.9.3.jar;C:\Users\ASUS\.m2\repository\org\apiguardian\apiguardian-api\1.1.2\apiguardian-api-1.1.2.jar;C:\Users\ASUS\.m2\repository\org\junit\jupiter\junit-jupiter-params\5.9.3\junit-jupiter-params-5.9.3.jar;C:\Users\ASUS\.m2\repository\org\junit\jupiter\junit-jupiter-engine\5.9.3\junit-jupiter-engine-5.9.3.jar;C:\Users\ASUS\.m2\repository\org\mockito\mockito-core\5.3.1\mockito-core-5.3.1.jar;C:\Users\ASUS\.m2\repository\net\bytebuddy\byte-buddy-agent\1.14.9\byte-buddy-agent-1.14.9.jar;C:\Users\ASUS\.m2\repository\org\objenesis\objenesis\3.3\objenesis-3.3.jar;C:\Users\ASUS\.m2\repository\org\mockito\mockito-junit-jupiter\5.3.1\mockito-junit-jupiter-5.3.1.jar;C:\Users\ASUS\.m2\repository\org\skyscreamer\jsonassert\1.5.1\jsonassert-1.5.1.jar;C:\Users\ASUS\.m2\repository\com\vaadin\external\google\android-json\0.0.20131108.vaadin1\android-json-0.0.20131108.vaadin1.jar;C:\Users\ASUS\.m2\repository\org\springframework\spring-core\6.0.13\spring-core-6.0.13.jar;C:\Users\ASUS\.m2\repository\org\springframework\spring-jcl\6.0.13\spring-jcl-6.0.13.jar;C:\Users\ASUS\.m2\repository\org\springframework\spring-test\6.0.13\spring-test-6.0.13.jar;C:\Users\ASUS\.m2\repository\org\xmlunit\xmlunit-core\2.9.1\xmlunit-core-2.9.1.jar;C:\Users\ASUS\.m2\repository\org\springframework\security\spring-security-test\6.1.5\spring-security-test-6.1.5.jar;C:\Users\ASUS\.m2\repository\org\springframework\security\spring-security-core\6.1.5\spring-security-core-6.1.5.jar;C:\Users\ASUS\.m2\repository\org\springframework\security\spring-security-crypto\6.1.5\spring-security-crypto-6.1.5.jar;C:\Users\ASUS\.m2\repository\io\jsonwebtoken\jjwt-api\0.11.5\jjwt-api-0.11.5.jar;C:\Users\ASUS\.m2\repository\io\jsonwebtoken\jjwt-impl\0.11.5\jjwt-impl-0.11.5.jar;C:\Users\ASUS\.m2\repository\io\jsonwebtoken\jjwt-jackson\0.11.5\jjwt-jackson-0.11.5.jar;C:\Users\ASUS\.m2\repository\com\fasterxml\jackson\core\jackson-databind\2.15.3\jackson-databind-2.15.3.jar;C:\Users\ASUS\.m2\repository\com\fasterxml\jackson\core\jackson-annotations\2.15.3\jackson-annotations-2.15.3.jar;C:\Users\ASUS\.m2\repository\com\fasterxml\jackson\core\jackson-core\2.15.3\jackson-core-2.15.3.jar;"/>
    <property name="java.vm.vendor" value="Microsoft"/>
    <property name="sun.arch.data.model" value="64"/>
    <property name="user.variant" value=""/>
    <property name="java.vendor.url" value="https://www.microsoft.com"/>
    <property name="user.timezone" value="Europe/Lisbon"/>
    <property name="org.jboss.logging.provider" value="slf4j"/>
    <property name="os.name" value="Windows 11"/>
    <property name="java.vm.specification.version" value="17"/>
    <property name="user.country" value="PT"/>
    <property name="sun.java.launcher" value="SUN_STANDARD"/>
    <property name="sun.boot.library.path" value="C:\Users\ASUS\.jdks\ms-17.0.16\bin"/>
    <property name="sun.java.command" value="C:\Users\ASUS\AppData\Local\Temp\surefire9976496279386529839\surefirebooter-20251029192429934_3.jar C:\Users\ASUS\AppData\Local\Temp\surefire9976496279386529839 2025-10-29T19-24-29_672-jvmRun1 surefire-20251029192429934_1tmp surefire_0-20251029192429934_2tmp"/>
    <property name="jdk.debug" value="release"/>
    <property name="surefire.test.class.path" value="C:\Users\ASUS\Desktop\MEI-SGJI\QSOFT\Trabalho\QSOFT20252026_502\Part1\project\target\test-classes;C:\Users\ASUS\Desktop\MEI-SGJI\QSOFT\Trabalho\QSOFT20252026_502\Part1\project\target\classes;C:\Users\ASUS\.m2\repository\com\tngtech\archunit\archunit-junit5\1.3.0\archunit-junit5-1.3.0.jar;C:\Users\ASUS\.m2\repository\com\tngtech\archunit\archunit-junit5-api\1.3.0\archunit-junit5-api-1.3.0.jar;C:\Users\ASUS\.m2\repository\com\tngtech\archunit\archunit\1.3.0\archunit-1.3.0.jar;C:\Users\ASUS\.m2\repository\com\tngtech\archunit\archunit-junit5-engine\1.3.0\archunit-junit5-engine-1.3.0.jar;C:\Users\ASUS\.m2\repository\com\tngtech\archunit\archunit-junit5-engine-api\1.3.0\archunit-junit5-engine-api-1.3.0.jar;C:\Users\ASUS\.m2\repository\org\junit\platform\junit-platform-engine\1.9.3\junit-platform-engine-1.9.3.jar;C:\Users\ASUS\.m2\repository\org\springframework\boot\spring-boot-starter-data-jpa\3.1.5\spring-boot-starter-data-jpa-3.1.5.jar;C:\Users\ASUS\.m2\repository\org\springframework\boot\spring-boot-starter-aop\3.1.5\spring-boot-starter-aop-3.1.5.jar;C:\Users\ASUS\.m2\repository\org\aspectj\aspectjweaver\1.9.20\aspectjweaver-1.9.20.jar;C:\Users\ASUS\.m2\repository\org\springframework\boot\spring-boot-starter-jdbc\3.1.5\spring-boot-starter-jdbc-3.1.5.jar;C:\Users\ASUS\.m2\repository\com\zaxxer\HikariCP\5.0.1\HikariCP-5.0.1.jar;C:\Users\ASUS\.m2\repository\org\springframework\spring-jdbc\6.0.13\spring-jdbc-6.0.13.jar;C:\Users\ASUS\.m2\repository\org\hibernate\orm\hibernate-core\6.2.13.Final\hibernate-core-6.2.13.Final.jar;C:\Users\ASUS\.m2\repository\jakarta\persistence\jakarta.persistence-api\3.1.0\jakarta.persistence-api-3.1.0.jar;C:\Users\ASUS\.m2\repository\jakarta\transaction\jakarta.transaction-api\2.0.1\jakarta.transaction-api-2.0.1.jar;C:\Users\ASUS\.m2\repository\org\jboss\logging\jboss-logging\3.5.3.Final\jboss-logging-3.5.3.Final.jar;C:\Users\ASUS\.m2\repository\org\hibernate\common\hibernate-commons-annotations\6.0.6.Final\hibernate-commons-annotations-6.0.6.Final.jar;C:\Users\ASUS\.m2\repository\io\smallrye\jandex\3.0.5\jandex-3.0.5.jar;C:\Users\ASUS\.m2\repository\com\fasterxml\classmate\1.5.1\classmate-1.5.1.jar;C:\Users\ASUS\.m2\repository\net\bytebuddy\byte-buddy\1.14.9\byte-buddy-1.14.9.jar;C:\Users\ASUS\.m2\repository\org\glassfish\jaxb\jaxb-runtime\4.0.3\jaxb-runtime-4.0.3.jar;C:\Users\ASUS\.m2\repository\org\glassfish\jaxb\jaxb-core\4.0.3\jaxb-core-4.0.3.jar;C:\Users\ASUS\.m2\repository\org\eclipse\angus\angus-activation\2.0.1\angus-activation-2.0.1.jar;C:\Users\ASUS\.m2\repository\org\glassfish\jaxb\txw2\4.0.3\txw2-4.0.3.jar;C:\Users\ASUS\.m2\repository\com\sun\istack\istack-commons-runtime\4.1.2\istack-commons-runtime-4.1.2.jar;C:\Users\ASUS\.m2\repository\jakarta\inject\jakarta.inject-api\2.0.1\jakarta.inject-api-2.0.1.jar;C:\Users\ASUS\.m2\repository\org\antlr\antlr4-runtime\4.10.1\antlr4-runtime-4.10.1.jar;C:\Users\ASUS\.m2\repository\org\springframework\data\spring-data-jpa\3.1.5\spring-data-jpa-3.1.5.jar;C:\Users\ASUS\.m2\repository\org\springframework\data\spring-data-commons\3.1.5\spring-data-commons-3.1.5.jar;C:\Users\ASUS\.m2\repository\org\springframework\spring-orm\6.0.13\spring-orm-6.0.13.jar;C:\Users\ASUS\.m2\repository\org\springframework\spring-context\6.0.13\spring-context-6.0.13.jar;C:\Users\ASUS\.m2\repository\org\springframework\spring-tx\6.0.13\spring-tx-6.0.13.jar;C:\Users\ASUS\.m2\repository\org\springframework\spring-beans\6.0.13\spring-beans-6.0.13.jar;C:\Users\ASUS\.m2\repository\jakarta\annotation\jakarta.annotation-api\2.1.1\jakarta.annotation-api-2.1.1.jar;C:\Users\ASUS\.m2\repository\org\slf4j\slf4j-api\2.0.9\slf4j-api-2.0.9.jar;C:\Users\ASUS\.m2\repository\org\springframework\spring-aspects\6.0.13\spring-aspects-6.0.13.jar;C:\Users\ASUS\.m2\repository\org\springframework\boot\spring-boot-starter-web\3.1.5\spring-boot-starter-web-3.1.5.jar;C:\Users\ASUS\.m2\repository\org\springframework\boot\spring-boot-starter\3.1.5\spring-boot-starter-3.1.5.jar;C:\Users\ASUS\.m2\repository\org\springframework\boot\spring-boot\3.1.5\spring-boot-3.1.5.jar;C:\Users\ASUS\.m2\repository\org\springframework\boot\spring-boot-autoconfigure\3.1.5\spring-boot-autoconfigure-3.1.5.jar;C:\Users\ASUS\.m2\repository\org\springframework\boot\spring-boot-starter-logging\3.1.5\spring-boot-starter-logging-3.1.5.jar;C:\Users\ASUS\.m2\repository\ch\qos\logback\logback-classic\1.4.11\logback-classic-1.4.11.jar;C:\Users\ASUS\.m2\repository\ch\qos\logback\logback-core\1.4.11\logback-core-1.4.11.jar;C:\Users\ASUS\.m2\repository\org\apache\logging\log4j\log4j-to-slf4j\2.20.0\log4j-to-slf4j-2.20.0.jar;C:\Users\ASUS\.m2\repository\org\apache\logging\log4j\log4j-api\2.20.0\log4j-api-2.20.0.jar;C:\Users\ASUS\.m2\repository\org\slf4j\jul-to-slf4j\2.0.9\jul-to-slf4j-2.0.9.jar;C:\Users\ASUS\.m2\repository\org\yaml\snakeyaml\1.33\snakeyaml-1.33.jar;C:\Users\ASUS\.m2\repository\org\springframework\boot\spring-boot-starter-json\3.1.5\spring-boot-starter-json-3.1.5.jar;C:\Users\ASUS\.m2\repository\com\fasterxml\jackson\datatype\jackson-datatype-jdk8\2.15.3\jackson-datatype-jdk8-2.15.3.jar;C:\Users\ASUS\.m2\repository\com\fasterxml\jackson\datatype\jackson-datatype-jsr310\2.15.3\jackson-datatype-jsr310-2.15.3.jar;C:\Users\ASUS\.m2\repository\com\fasterxml\jackson\module\jackson-module-parameter-names\2.15.3\jackson-module-parameter-names-2.15.3.jar;C:\Users\ASUS\.m2\repository\org\springframework\boot\spring-boot-starter-tomcat\3.1.5\spring-boot-starter-tomcat-3.1.5.jar;C:\Users\ASUS\.m2\repository\org\apache\tomcat\embed\tomcat-embed-core\10.1.15\tomcat-embed-core-10.1.15.jar;C:\Users\ASUS\.m2\repository\org\apache\tomcat\embed\tomcat-embed-websocket\10.1.15\tomcat-embed-websocket-10.1.15.jar;C:\Users\ASUS\.m2\repository\org\springframework\spring-web\6.0.13\spring-web-6.0.13.jar;C:\Users\ASUS\.m2\repository\io\micrometer\micrometer-observation\1.11.5\micrometer-observation-1.11.5.jar;C:\Users\ASUS\.m2\repository\io\micrometer\micrometer-commons\1.11.5\micrometer-commons-1.11.5.jar;C:\Users\ASUS\.m2\repository\org\springframework\spring-webmvc\6.0.13\spring-webmvc-6.0.13.jar;C:\Users\ASUS\.m2\repository\org\springframework\spring-expression\6.0.13\spring-expression-6.0.13.jar;C:\Users\ASUS\.m2\repository\org\springframework\boot\spring-boot-starter-validation\3.1.5\spring-boot-starter-validation-3.1.5.jar;C:\Users\ASUS\.m2\repository\org\apache\tomcat\embed\tomcat-embed-el\10.1.15\tomcat-embed-el-10.1.15.jar;C:\Users\ASUS\.m2\repository\org\hibernate\validator\hibernate-validator\8.0.1.Final\hibernate-validator-8.0.1.Final.jar;C:\Users\ASUS\.m2\repository\jakarta\validation\jakarta.validation-api\3.0.2\jakarta.validation-api-3.0.2.jar;C:\Users\ASUS\.m2\repository\org\springframework\boot\spring-boot-starter-security\3.1.5\spring-boot-starter-security-3.1.5.jar;C:\Users\ASUS\.m2\repository\org\springframework\spring-aop\6.0.13\spring-aop-6.0.13.jar;C:\Users\ASUS\.m2\repository\org\springframework\security\spring-security-config\6.1.5\spring-security-config-6.1.5.jar;C:\Users\ASUS\.m2\repository\org\springframework\security\spring-security-web\6.1.5\spring-security-web-6.1.5.jar;C:\Users\ASUS\.m2\repository\org\springdoc\springdoc-openapi-starter-webmvc-ui\2.5.0\springdoc-openapi-starter-webmvc-ui-2.5.0.jar;C:\Users\ASUS\.m2\repository\org\springdoc\springdoc-openapi-starter-webmvc-api\2.5.0\springdoc-openapi-starter-webmvc-api-2.5.0.jar;C:\Users\ASUS\.m2\repository\org\springdoc\springdoc-openapi-starter-common\2.5.0\springdoc-openapi-starter-common-2.5.0.jar;C:\Users\ASUS\.m2\repository\io\swagger\core\v3\swagger-core-jakarta\2.2.21\swagger-core-jakarta-2.2.21.jar;C:\Users\ASUS\.m2\repository\org\apache\commons\commons-lang3\3.12.0\commons-lang3-3.12.0.jar;C:\Users\ASUS\.m2\repository\io\swagger\core\v3\swagger-annotations-jakarta\2.2.21\swagger-annotations-jakarta-2.2.21.jar;C:\Users\ASUS\.m2\repository\io\swagger\core\v3\swagger-models-jakarta\2.2.21\swagger-models-jakarta-2.2.21.jar;C:\Users\ASUS\.m2\repository\com\fasterxml\jackson\dataformat\jackson-dataformat-yaml\2.15.3\jackson-dataformat-yaml-2.15.3.jar;C:\Users\ASUS\.m2\repository\org\webjars\swagger-ui\5.13.0\swagger-ui-5.13.0.jar;C:\Users\ASUS\.m2\repository\com\h2database\h2\2.1.214\h2-2.1.214.jar;C:\Users\ASUS\.m2\repository\org\springframework\boot\spring-boot-starter-test\3.1.5\spring-boot-starter-test-3.1.5.jar;C:\Users\ASUS\.m2\repository\org\springframework\boot\spring-boot-test\3.1.5\spring-boot-test-3.1.5.jar;C:\Users\ASUS\.m2\repository\org\springframework\boot\spring-boot-test-autoconfigure\3.1.5\spring-boot-test-autoconfigure-3.1.5.jar;C:\Users\ASUS\.m2\repository\com\jayway\jsonpath\json-path\2.8.0\json-path-2.8.0.jar;C:\Users\ASUS\.m2\repository\jakarta\xml\bind\jakarta.xml.bind-api\4.0.1\jakarta.xml.bind-api-4.0.1.jar;C:\Users\ASUS\.m2\repository\jakarta\activation\jakarta.activation-api\2.1.2\jakarta.activation-api-2.1.2.jar;C:\Users\ASUS\.m2\repository\net\minidev\json-smart\2.4.11\json-smart-2.4.11.jar;C:\Users\ASUS\.m2\repository\net\minidev\accessors-smart\2.4.11\accessors-smart-2.4.11.jar;C:\Users\ASUS\.m2\repository\org\ow2\asm\asm\9.3\asm-9.3.jar;C:\Users\ASUS\.m2\repository\org\assertj\assertj-core\3.24.2\assertj-core-3.24.2.jar;C:\Users\ASUS\.m2\repository\org\hamcrest\hamcrest\2.2\hamcrest-2.2.jar;C:\Users\ASUS\.m2\repository\org\junit\jupiter\junit-jupiter\5.9.3\junit-jupiter-5.9.3.jar;C:\Users\ASUS\.m2\repository\org\junit\jupiter\junit-jupiter-api\5.9.3\junit-jupiter-api-5.9.3.jar;C:\Users\ASUS\.m2\repository\org\opentest4j\opentest4j\1.2.0\opentest4j-1.2.0.jar;C:\Users\ASUS\.m2\repository\org\junit\platform\junit-platform-commons\1.9.3\junit-platform-commons-1.9.3.jar;C:\Users\ASUS\.m2\repository\org\apiguardian\apiguardian-api\1.1.2\apiguardian-api-1.1.2.jar;C:\Users\ASUS\.m2\repository\org\junit\jupiter\junit-jupiter-params\5.9.3\junit-jupiter-params-5.9.3.jar;C:\Users\ASUS\.m2\repository\org\junit\jupiter\junit-jupiter-engine\5.9.3\junit-jupiter-engine-5.9.3.jar;C:\Users\ASUS\.m2\repository\org\mockito\mockito-core\5.3.1\mockito-core-5.3.1.jar;C:\Users\ASUS\.m2\repository\net\bytebuddy\byte-buddy-agent\1.14.9\byte-buddy-agent-1.14.9.jar;C:\Users\ASUS\.m2\repository\org\objenesis\objenesis\3.3\objenesis-3.3.jar;C:\Users\ASUS\.m2\repository\org\mockito\mockito-junit-jupiter\5.3.1\mockito-junit-jupiter-5.3.1.jar;C:\Users\ASUS\.m2\repository\org\skyscreamer\jsonassert\1.5.1\jsonassert-1.5.1.jar;C:\Users\ASUS\.m2\repository\com\vaadin\external\google\android-json\0.0.20131108.vaadin1\android-json-0.0.20131108.vaadin1.jar;C:\Users\ASUS\.m2\repository\org\springframework\spring-core\6.0.13\spring-core-6.0.13.jar;C:\Users\ASUS\.m2\repository\org\springframework\spring-jcl\6.0.13\spring-jcl-6.0.13.jar;C:\Users\ASUS\.m2\repository\org\springframework\spring-test\6.0.13\spring-test-6.0.13.jar;C:\Users\ASUS\.m2\repository\org\xmlunit\xmlunit-core\2.9.1\xmlunit-core-2.9.1.jar;C:\Users\ASUS\.m2\repository\org\springframework\security\spring-security-test\6.1.5\spring-security-test-6.1.5.jar;C:\Users\ASUS\.m2\repository\org\springframework\security\spring-security-core\6.1.5\spring-security-core-6.1.5.jar;C:\Users\ASUS\.m2\repository\org\springframework\security\spring-security-crypto\6.1.5\spring-security-crypto-6.1.5.jar;C:\Users\ASUS\.m2\repository\io\jsonwebtoken\jjwt-api\0.11.5\jjwt-api-0.11.5.jar;C:\Users\ASUS\.m2\repository\io\jsonwebtoken\jjwt-impl\0.11.5\jjwt-impl-0.11.5.jar;C:\Users\ASUS\.m2\repository\io\jsonwebtoken\jjwt-jackson\0.11.5\jjwt-jackson-0.11.5.jar;C:\Users\ASUS\.m2\repository\com\fasterxml\jackson\core\jackson-databind\2.15.3\jackson-databind-2.15.3.jar;C:\Users\ASUS\.m2\repository\com\fasterxml\jackson\core\jackson-annotations\2.15.3\jackson-annotations-2.15.3.jar;C:\Users\ASUS\.m2\repository\com\fasterxml\jackson\core\jackson-core\2.15.3\jackson-core-2.15.3.jar;"/>
    <property name="sun.cpu.endian" value="little"/>
    <property name="user.home" value="C:\Users\ASUS"/>
    <property name="user.language" value="pt"/>
    <property name="java.specification.vendor" value="Oracle Corporation"/>
    <property name="java.version.date" value="2025-07-15"/>
    <property name="java.home" value="C:\Users\ASUS\.jdks\ms-17.0.16"/>
    <property name="file.separator" value="\"/>
    <property name="style.color" value="always"/>
    <property name="basedir" value="C:\Users\ASUS\Desktop\MEI-SGJI\QSOFT\Trabalho\QSOFT20252026_502\Part1\project"/>
    <property name="java.vm.compressedOopsMode" value="Zero based"/>
    <property name="line.separator" value="&#10;"/>
    <property name="java.vm.specification.vendor" value="Oracle Corporation"/>
    <property name="java.specification.name" value="Java Platform API Specification"/>
    <property name="FILE_LOG_CHARSET" value="windows-1252"/>
    <property name="java.awt.headless" value="true"/>
    <property name="surefire.real.class.path" value="C:\Users\ASUS\AppData\Local\Temp\surefire9976496279386529839\surefirebooter-20251029192429934_3.jar"/>
    <property name="user.script" value=""/>
    <property name="sun.management.compiler" value="HotSpot 64-Bit Tiered Compilers"/>
    <property name="java.runtime.version" value="17.0.16+8-LTS"/>
    <property name="user.name" value="ASUS"/>
    <property name="path.separator" value=";"/>
    <property name="os.version" value="10.0"/>
    <property name="java.runtime.name" value="OpenJDK Runtime Environment"/>
    <property name="file.encoding" value="Cp1252"/>
    <property name="java.vm.name" value="OpenJDK 64-Bit Server VM"/>
    <property name="java.vendor.version" value="Microsoft-11926163"/>
    <property name="maven.ext.class.path" value="C:\Program Files\JetBrains\IntelliJ IDEA 2025.2.3\plugins\maven\lib\maven-event-listener.jar"/>
    <property name="localRepository" value="C:\Users\ASUS\.m2\repository"/>
    <property name="java.vendor.url.bug" value="https://github.com/microsoft/openjdk/issues"/>
    <property name="java.io.tmpdir" value="C:\Users\ASUS\AppData\Local\Temp\"/>
    <property name="idea.version" value="2025.2.4"/>
    <property name="com.zaxxer.hikari.pool_number" value="1"/>
    <property name="java.version" value="17.0.16"/>
    <property name="user.dir" value="C:\Users\ASUS\Desktop\MEI-SGJI\QSOFT\Trabalho\QSOFT20252026_502\Part1\project"/>
    <property name="os.arch" value="amd64"/>
    <property name="jansi.passthrough" value="true"/>
    <property name="java.vm.specification.name" value="Java Virtual Machine Specification"/>
    <property name="PID" value="34712"/>
    <property name="sun.os.patch.level" value=""/>
    <property name="CONSOLE_LOG_CHARSET" value="windows-1252"/>
    <property name="native.encoding" value="Cp1252"/>
    <property name="java.library.path" value="C:\Users\ASUS\.jdks\ms-17.0.16\bin;C:\Windows\Sun\Java\bin;C:\Windows\system32;C:\Windows;C:\Program Files\PlasticSCM5\server;C:\Program Files\PlasticSCM5\client;C:\Windows\system32;C:\Windows;C:\Windows\System32\Wbem;C:\Windows\System32\WindowsPowerShell\v1.0\;C:\Windows\System32\OpenSSH\;C:\Program Files\Git\cmd;C:\Program Files\k6\;C:\Program Files\Docker\Docker\resources\bin;C:\Program Files\MySQL\MySQL Shell 8.0\bin\;C:\Users\ASUS\AppData\Local\Programs\Python\Python310\Scripts\;C:\Users\ASUS\AppData\Local\Programs\Python\Python310\;C:\Users\ASUS\AppData\Local\Microsoft\WindowsApps;C:\Users\ASUS\AppData\Local\GitHubDesktop\bin;C:\Users\ASUS\AppData\Local\Programs\Microsoft VS Code\bin;C:\texlive\2025\bin\windows;C:\Program Files\JetBrains\IntelliJ IDEA 2025.2.3\bin;."/>
    <property name="java.vm.info" value="mixed mode, sharing"/>
    <property name="java.vendor" value="Microsoft"/>
    <property name="java.vm.version" value="17.0.16+8-LTS"/>
    <property name="java.specification.maintenance.version" value="1"/>
    <property name="sun.io.unicode.encoding" value="UnicodeLittle"/>
    <property name="maven.repo.local" value="C:\Users\ASUS\.m2\repository"/>
    <property name="java.class.version" value="61.0"/>
  </properties>
  <testcase name="unauthenticatedUserCannotAccessProtectedEndpoints" classname="com.tournament.auth.AuthorizationTests" time="0.659">
    <system-out><![CDATA[19:24:31.504 [main] INFO org.springframework.test.context.support.AnnotationConfigContextLoaderUtils -- Could not detect default configuration classes for test class [com.tournament.auth.AuthorizationTests]: AuthorizationTests does not declare any static, non-private, non-final, nested classes annotated with @Configuration.
19:24:31.659 [main] INFO org.springframework.boot.test.context.SpringBootTestContextBootstrapper -- Found @SpringBootConfiguration com.tournament.OnlineTournamentSystemApplication for test class com.tournament.auth.AuthorizationTests

  .   ____          _            __ _ _
 /\\ / ___'_ __ _ _(_)_ __  __ _ \ \ \ \
( ( )\___ | '_ | '_| | '_ \/ _` | \ \ \ \
 \\/  ___)| |_)| | | | | || (_| |  ) ) ) )
  '  |____| .__|_| |_|_| |_\__, | / / / /
 =========|_|==============|___/=/_/_/_/
 :: Spring Boot ::                (v3.1.5)

2025-10-29T19:24:32.131Z  INFO 34712 --- [           main] com.tournament.auth.AuthorizationTests   : Starting AuthorizationTests using Java 17.0.16 with PID 34712 (started by ASUS in C:\Users\ASUS\Desktop\MEI-SGJI\QSOFT\Trabalho\QSOFT20252026_502\Part1\project)
2025-10-29T19:24:32.132Z DEBUG 34712 --- [           main] com.tournament.auth.AuthorizationTests   : Running with Spring Boot v3.1.5, Spring v6.0.13
2025-10-29T19:24:32.133Z  INFO 34712 --- [           main] com.tournament.auth.AuthorizationTests   : No active profile set, falling back to 1 default profile: "default"
2025-10-29T19:24:33.264Z  INFO 34712 --- [           main] .s.d.r.c.RepositoryConfigurationDelegate : Bootstrapping Spring Data JPA repositories in DEFAULT mode.
2025-10-29T19:24:33.381Z  INFO 34712 --- [           main] .s.d.r.c.RepositoryConfigurationDelegate : Finished Spring Data repository scanning in 104 ms. Found 5 JPA repository interfaces.
2025-10-29T19:24:34.234Z  INFO 34712 --- [           main] o.hibernate.jpa.internal.util.LogHelper  : HHH000204: Processing PersistenceUnitInfo [name: default]
2025-10-29T19:24:34.384Z  INFO 34712 --- [           main] org.hibernate.Version                    : HHH000412: Hibernate ORM core version 6.2.13.Final
2025-10-29T19:24:34.389Z  INFO 34712 --- [           main] org.hibernate.cfg.Environment            : HHH000406: Using bytecode reflection optimizer
2025-10-29T19:24:35.008Z  INFO 34712 --- [           main] o.s.o.j.p.SpringPersistenceUnitInfo      : No LoadTimeWeaver setup: ignoring JPA class transformer
2025-10-29T19:24:35.051Z  INFO 34712 --- [           main] com.zaxxer.hikari.HikariDataSource       : HikariPool-1 - Starting...
2025-10-29T19:24:35.271Z  INFO 34712 --- [           main] com.zaxxer.hikari.pool.HikariPool        : HikariPool-1 - Added connection conn0: url=jdbc:h2:mem:tournament_db user=SA
2025-10-29T19:24:35.274Z  INFO 34712 --- [           main] com.zaxxer.hikari.HikariDataSource       : HikariPool-1 - Start completed.
2025-10-29T19:24:35.322Z  WARN 34712 --- [           main] org.hibernate.orm.deprecation            : HHH90000025: H2Dialect does not need to be specified explicitly using 'hibernate.dialect' (remove the property setting and it will be selected by default)
2025-10-29T19:24:36.456Z  INFO 34712 --- [           main] o.h.e.t.j.p.i.JtaPlatformInitiator       : HHH000489: No JTA platform available (set 'hibernate.transaction.jta.platform' to enable JTA platform integration)
Hibernate: 
    drop table if exists games cascade 
Hibernate: 
    drop table if exists matches cascade 
Hibernate: 
    drop table if exists participations cascade 
Hibernate: 
    drop table if exists tournaments cascade 
Hibernate: 
    drop table if exists users cascade 
Hibernate: 
    create table games (
        id bigint generated by default as identity,
        genre varchar(255) not null,
        platform varchar(255) not null check (platform in ('PC','CONSOLE','MOBILE','WEB','CROSS_PLATFORM','VR')),
        public_id varchar(255) not null unique,
        title varchar(255) not null,
        primary key (id),
        constraint UKl8g54i6vux8laper0rlx0ifk2 unique (title, platform)
    )
Hibernate: 
    create table matches (
        round integer not null,
        id bigint generated by default as identity,
        player1_id bigint not null,
        player2_id bigint not null,
        tournament_id bigint not null,
        public_id varchar(255) not null unique,
        result varchar(255) not null check (result in ('PLAYER1_WIN','PLAYER2_WIN','DRAW','PENDING')),
        primary key (id)
    )
Hibernate: 
    create table participations (
        score integer not null,
        id bigint generated by default as identity,
        join_date timestamp(6) not null,
        player_id bigint not null,
        tournament_id bigint not null,
        public_id varchar(255) not null unique,
        primary key (id)
    )
Hibernate: 
    create table tournaments (
        current_players integer not null,
        max_players integer not null check (max_players>=2),
        game_id bigint not null,
        id bigint generated by default as identity,
        organizer_id bigint not null,
        name varchar(255) not null,
        public_id varchar(255) not null unique,
        primary key (id)
    )
Hibernate: 
    create table users (
        ranking integer not null,
        id bigint generated by default as identity,
        password varchar(255) not null,
        public_id varchar(255) not null unique,
        role varchar(255) not null check (role in ('ADMIN','PLAYER','ORGANIZER')),
        username varchar(255) not null unique,
        primary key (id)
    )
Hibernate: 
    alter table if exists matches 
       add constraint FK399aa3d3u7tilrrvtuj396nuj 
       foreign key (player1_id) 
       references users
Hibernate: 
    alter table if exists matches 
       add constraint FKf9p2o4y87q9pjb8dgn34np8wk 
       foreign key (player2_id) 
       references users
Hibernate: 
    alter table if exists matches 
       add constraint FKeeniokyjgo5k6rmhjujatn27i 
       foreign key (tournament_id) 
       references tournaments
Hibernate: 
    alter table if exists participations 
       add constraint FKbqqeejbpk12n7vifiscn6x75p 
       foreign key (player_id) 
       references users
Hibernate: 
    alter table if exists participations 
       add constraint FK4519dgs22xtvemqt88wyget48 
       foreign key (tournament_id) 
       references tournaments
Hibernate: 
    alter table if exists tournaments 
       add constraint FKk8huhgsk5r59hdsg8y9ek3df8 
       foreign key (game_id) 
       references games
Hibernate: 
    alter table if exists tournaments 
       add constraint FKldomk1ulxposrstb2hfo7gfal 
       foreign key (organizer_id) 
       references users
2025-10-29T19:24:36.528Z  INFO 34712 --- [           main] j.LocalContainerEntityManagerFactoryBean : Initialized JPA EntityManagerFactory for persistence unit 'default'
2025-10-29T19:24:38.150Z  WARN 34712 --- [           main] JpaBaseConfiguration$JpaWebConfiguration : spring.jpa.open-in-view is enabled by default. Therefore, database queries may be performed during view rendering. Explicitly configure spring.jpa.open-in-view to disable this warning
2025-10-29T19:24:38.338Z  INFO 34712 --- [           main] o.s.s.web.DefaultSecurityFilterChain     : Will secure any request with [org.springframework.security.web.session.DisableEncodeUrlFilter@45c10678, org.springframework.security.web.context.request.async.WebAsyncManagerIntegrationFilter@4ad57db1, org.springframework.security.web.context.SecurityContextHolderFilter@7aa62a90, org.springframework.security.web.header.HeaderWriterFilter@5a106b26, org.springframework.security.web.authentication.logout.LogoutFilter@56728f48, com.tournament.security.JwtAuthenticationFilter@756030e2, org.springframework.security.web.savedrequest.RequestCacheAwareFilter@5fc42998, org.springframework.security.web.servletapi.SecurityContextHolderAwareRequestFilter@5dfb65d5, org.springframework.security.web.authentication.AnonymousAuthenticationFilter@6e140753, org.springframework.security.web.session.SessionManagementFilter@2bfe4df9, org.springframework.security.web.access.ExceptionTranslationFilter@1ec98548, org.springframework.security.web.access.intercept.AuthorizationFilter@569b3009]
2025-10-29T19:24:39.374Z  INFO 34712 --- [           main] o.s.b.a.h2.H2ConsoleAutoConfiguration    : H2 console available at '/h2-console'. Database available at 'jdbc:h2:mem:tournament_db'
2025-10-29T19:24:39.486Z  INFO 34712 --- [           main] o.s.b.t.m.w.SpringBootMockServletContext : Initializing Spring TestDispatcherServlet ''
2025-10-29T19:24:39.486Z  INFO 34712 --- [           main] o.s.t.web.servlet.TestDispatcherServlet  : Initializing Servlet ''
2025-10-29T19:24:39.487Z  INFO 34712 --- [           main] o.s.t.web.servlet.TestDispatcherServlet  : Completed initialization in 1 ms
2025-10-29T19:24:39.512Z  INFO 34712 --- [           main] com.tournament.auth.AuthorizationTests   : Started AuthorizationTests in 7.679 seconds (process running for 9.322)
Hibernate: 
    select
        m1_0.id,
        m1_0.player1_id,
        m1_0.player2_id,
        m1_0.public_id,
        m1_0.result,
        m1_0.round,
        m1_0.tournament_id 
    from
        matches m1_0
Hibernate: 
    select
        p1_0.id,
        p1_0.join_date,
        p1_0.player_id,
        p1_0.public_id,
        p1_0.score,
        p1_0.tournament_id 
    from
        participations p1_0
Hibernate: 
    select
        t1_0.id,
        t1_0.current_players,
        t1_0.game_id,
        t1_0.max_players,
        t1_0.name,
        t1_0.organizer_id,
        t1_0.public_id 
    from
        tournaments t1_0
Hibernate: 
    select
        g1_0.id,
        g1_0.genre,
        g1_0.platform,
        g1_0.public_id,
        g1_0.title 
    from
        games g1_0
Hibernate: 
    select
        u1_0.id,
        u1_0.password,
        u1_0.public_id,
        u1_0.ranking,
        u1_0.role,
        u1_0.username 
    from
        users u1_0
Hibernate: 
    insert 
    into
        users
        (password,public_id,ranking,role,username,id) 
    values
        (?,?,?,?,?,default)
Hibernate: 
    insert 
    into
        users
        (password,public_id,ranking,role,username,id) 
    values
        (?,?,?,?,?,default)
Hibernate: 
    insert 
    into
        users
        (password,public_id,ranking,role,username,id) 
    values
        (?,?,?,?,?,default)
Hibernate: 
    insert 
    into
        users
        (password,public_id,ranking,role,username,id) 
    values
        (?,?,?,?,?,default)
Hibernate: 
    insert 
    into
        users
        (password,public_id,ranking,role,username,id) 
    values
        (?,?,?,?,?,default)
Hibernate: 
    insert 
    into
        users
        (password,public_id,ranking,role,username,id) 
    values
        (?,?,?,?,?,default)
Hibernate: 
    insert 
    into
        users
        (password,public_id,ranking,role,username,id) 
    values
        (?,?,?,?,?,default)
Hibernate: 
    insert 
    into
        users
        (password,public_id,ranking,role,username,id) 
    values
        (?,?,?,?,?,default)
Hibernate: 
    insert 
    into
        games
        (genre,platform,public_id,title,id) 
    values
        (?,?,?,?,default)
Hibernate: 
    insert 
    into
        games
        (genre,platform,public_id,title,id) 
    values
        (?,?,?,?,default)
Hibernate: 
    insert 
    into
        games
        (genre,platform,public_id,title,id) 
    values
        (?,?,?,?,default)
Hibernate: 
    insert 
    into
        games
        (genre,platform,public_id,title,id) 
    values
        (?,?,?,?,default)
Hibernate: 
    insert 
    into
        games
        (genre,platform,public_id,title,id) 
    values
        (?,?,?,?,default)
Hibernate: 
    insert 
    into
        tournaments
        (current_players,game_id,max_players,name,organizer_id,public_id,id) 
    values
        (?,?,?,?,?,?,default)
Hibernate: 
    insert 
    into
        tournaments
        (current_players,game_id,max_players,name,organizer_id,public_id,id) 
    values
        (?,?,?,?,?,?,default)
Hibernate: 
    insert 
    into
        tournaments
        (current_players,game_id,max_players,name,organizer_id,public_id,id) 
    values
        (?,?,?,?,?,?,default)
Hibernate: 
    insert 
    into
        participations
        (join_date,player_id,public_id,score,tournament_id,id) 
    values
        (?,?,?,?,?,default)
Hibernate: 
    insert 
    into
        participations
        (join_date,player_id,public_id,score,tournament_id,id) 
    values
        (?,?,?,?,?,default)
Hibernate: 
    insert 
    into
        participations
        (join_date,player_id,public_id,score,tournament_id,id) 
    values
        (?,?,?,?,?,default)
Hibernate: 
    insert 
    into
        participations
        (join_date,player_id,public_id,score,tournament_id,id) 
    values
        (?,?,?,?,?,default)
Hibernate: 
    insert 
    into
        participations
        (join_date,player_id,public_id,score,tournament_id,id) 
    values
        (?,?,?,?,?,default)
Hibernate: 
    insert 
    into
        participations
        (join_date,player_id,public_id,score,tournament_id,id) 
    values
        (?,?,?,?,?,default)
Hibernate: 
    insert 
    into
        participations
        (join_date,player_id,public_id,score,tournament_id,id) 
    values
        (?,?,?,?,?,default)
Hibernate: 
    insert 
    into
        participations
        (join_date,player_id,public_id,score,tournament_id,id) 
    values
        (?,?,?,?,?,default)
Hibernate: 
    insert 
    into
        participations
        (join_date,player_id,public_id,score,tournament_id,id) 
    values
        (?,?,?,?,?,default)
Hibernate: 
    insert 
    into
        participations
        (join_date,player_id,public_id,score,tournament_id,id) 
    values
        (?,?,?,?,?,default)
Hibernate: 
    insert 
    into
        participations
        (join_date,player_id,public_id,score,tournament_id,id) 
    values
        (?,?,?,?,?,default)
Hibernate: 
    insert 
    into
        matches
        (player1_id,player2_id,public_id,result,round,tournament_id,id) 
    values
        (?,?,?,?,?,?,default)
Hibernate: 
    insert 
    into
        matches
        (player1_id,player2_id,public_id,result,round,tournament_id,id) 
    values
        (?,?,?,?,?,?,default)
Hibernate: 
    insert 
    into
        matches
        (player1_id,player2_id,public_id,result,round,tournament_id,id) 
    values
        (?,?,?,?,?,?,default)
Hibernate: 
    insert 
    into
        matches
        (player1_id,player2_id,public_id,result,round,tournament_id,id) 
    values
        (?,?,?,?,?,?,default)
Hibernate: 
    insert 
    into
        matches
        (player1_id,player2_id,public_id,result,round,tournament_id,id) 
    values
        (?,?,?,?,?,?,default)
Hibernate: 
    insert 
    into
        matches
        (player1_id,player2_id,public_id,result,round,tournament_id,id) 
    values
        (?,?,?,?,?,?,default)
Hibernate: 
    insert 
    into
        matches
        (player1_id,player2_id,public_id,result,round,tournament_id,id) 
    values
        (?,?,?,?,?,?,default)
Hibernate: 
    insert 
    into
        matches
        (player1_id,player2_id,public_id,result,round,tournament_id,id) 
    values
        (?,?,?,?,?,?,default)
Dummy data loaded successfully!
Hibernate: 
    select
        count(*) 
    from
        users u1_0
Users created: 8
Hibernate: 
    select
        count(*) 
    from
        games g1_0
Games created: 5
Hibernate: 
    select
        count(*) 
    from
        tournaments t1_0
Tournaments created: 3
Hibernate: 
    select
        count(*) 
    from
        participations p1_0
Participations created: 11
Hibernate: 
    select
        count(*) 
    from
        matches m1_0
Matches created: 8
2025-10-29T19:24:41.253Z DEBUG 34712 --- [           main] o.s.security.web.FilterChainProxy        : Securing GET /api/users
2025-10-29T19:24:41.260Z DEBUG 34712 --- [           main] o.s.s.w.a.AnonymousAuthenticationFilter  : Set SecurityContextHolder to anonymous SecurityContext
2025-10-29T19:24:41.262Z DEBUG 34712 --- [           main] o.s.security.web.FilterChainProxy        : Secured GET /api/users
2025-10-29T19:24:41.292Z DEBUG 34712 --- [           main] horizationManagerBeforeMethodInterceptor : Authorizing method invocation ReflectiveMethodInvocation: public org.springframework.http.ResponseEntity com.tournament.controller.UserController.getAllUsers(); target is of class [com.tournament.controller.UserController]
2025-10-29T19:24:41.303Z DEBUG 34712 --- [           main] horizationManagerBeforeMethodInterceptor : Failed to authorize ReflectiveMethodInvocation: public org.springframework.http.ResponseEntity com.tournament.controller.UserController.getAllUsers(); target is of class [com.tournament.controller.UserController] with authorization manager org.springframework.security.config.annotation.method.configuration.DeferringObservationAuthorizationManager@6e847a7 and decision ExpressionAuthorizationDecision [granted=false, expressionAttribute=hasRole('ADMIN')]
]]></system-out>
  </testcase>
  <testcase name="adminCanAccessAllEndpoints" classname="com.tournament.auth.AuthorizationTests$AdminRole" time="0.408">
    <system-out><![CDATA[2025-10-29T19:24:41.358Z  INFO 34712 --- [           main] t.c.s.AnnotationConfigContextLoaderUtils : Could not detect default configuration classes for test class [com.tournament.auth.AuthorizationTests$AdminRole]: AdminRole does not declare any static, non-private, non-final, nested classes annotated with @Configuration.
2025-10-29T19:24:41.362Z  INFO 34712 --- [           main] .b.t.c.SpringBootTestContextBootstrapper : Found @SpringBootConfiguration com.tournament.OnlineTournamentSystemApplication for test class com.tournament.auth.AuthorizationTests$AdminRole
2025-10-29T19:24:41.370Z DEBUG 34712 --- [           main] o.s.security.web.FilterChainProxy        : Securing POST /api/auth/login
2025-10-29T19:24:41.370Z DEBUG 34712 --- [           main] o.s.s.w.a.AnonymousAuthenticationFilter  : Set SecurityContextHolder to anonymous SecurityContext
2025-10-29T19:24:41.371Z DEBUG 34712 --- [           main] o.s.security.web.FilterChainProxy        : Secured POST /api/auth/login
Hibernate: 
    select
        u1_0.id,
        u1_0.password,
        u1_0.public_id,
        u1_0.ranking,
        u1_0.role,
        u1_0.username 
    from
        users u1_0 
    where
        u1_0.username=?
2025-10-29T19:24:41.601Z DEBUG 34712 --- [           main] o.s.s.a.dao.DaoAuthenticationProvider    : Authenticated user
Hibernate: 
    select
        u1_0.id,
        u1_0.password,
        u1_0.public_id,
        u1_0.ranking,
        u1_0.role,
        u1_0.username 
    from
        users u1_0 
    where
        u1_0.username=?
2025-10-29T19:24:41.645Z DEBUG 34712 --- [           main] o.s.security.web.FilterChainProxy        : Securing GET /api/users
Hibernate: 
    select
        u1_0.id,
        u1_0.password,
        u1_0.public_id,
        u1_0.ranking,
        u1_0.role,
        u1_0.username 
    from
        users u1_0 
    where
        u1_0.username=?
2025-10-29T19:24:41.698Z DEBUG 34712 --- [           main] o.s.security.web.FilterChainProxy        : Secured GET /api/users
2025-10-29T19:24:41.699Z DEBUG 34712 --- [           main] horizationManagerBeforeMethodInterceptor : Authorizing method invocation ReflectiveMethodInvocation: public org.springframework.http.ResponseEntity com.tournament.controller.UserController.getAllUsers(); target is of class [com.tournament.controller.UserController]
2025-10-29T19:24:41.700Z DEBUG 34712 --- [           main] horizationManagerBeforeMethodInterceptor : Authorized method invocation ReflectiveMethodInvocation: public org.springframework.http.ResponseEntity com.tournament.controller.UserController.getAllUsers(); target is of class [com.tournament.controller.UserController]
Hibernate: 
    select
        u1_0.id,
        u1_0.password,
        u1_0.public_id,
        u1_0.ranking,
        u1_0.role,
        u1_0.username 
    from
        users u1_0
2025-10-29T19:24:41.717Z DEBUG 34712 --- [           main] o.s.security.web.FilterChainProxy        : Securing GET /api/games
Hibernate: 
    select
        u1_0.id,
        u1_0.password,
        u1_0.public_id,
        u1_0.ranking,
        u1_0.role,
        u1_0.username 
    from
        users u1_0 
    where
        u1_0.username=?
2025-10-29T19:24:41.725Z DEBUG 34712 --- [           main] o.s.security.web.FilterChainProxy        : Secured GET /api/games
2025-10-29T19:24:41.726Z DEBUG 34712 --- [           main] horizationManagerBeforeMethodInterceptor : Authorizing method invocation ReflectiveMethodInvocation: public org.springframework.http.ResponseEntity com.tournament.controller.GameController.getAllGames(); target is of class [com.tournament.controller.GameController]
2025-10-29T19:24:41.727Z DEBUG 34712 --- [           main] horizationManagerBeforeMethodInterceptor : Authorized method invocation ReflectiveMethodInvocation: public org.springframework.http.ResponseEntity com.tournament.controller.GameController.getAllGames(); target is of class [com.tournament.controller.GameController]
Hibernate: 
    select
        g1_0.id,
        g1_0.genre,
        g1_0.platform,
        g1_0.public_id,
        g1_0.title 
    from
        games g1_0
2025-10-29T19:24:41.735Z DEBUG 34712 --- [           main] o.s.security.web.FilterChainProxy        : Securing GET /api/tournaments
Hibernate: 
    select
        u1_0.id,
        u1_0.password,
        u1_0.public_id,
        u1_0.ranking,
        u1_0.role,
        u1_0.username 
    from
        users u1_0 
    where
        u1_0.username=?
2025-10-29T19:24:41.744Z DEBUG 34712 --- [           main] o.s.security.web.FilterChainProxy        : Secured GET /api/tournaments
2025-10-29T19:24:41.745Z DEBUG 34712 --- [           main] horizationManagerBeforeMethodInterceptor : Authorizing method invocation ReflectiveMethodInvocation: public org.springframework.http.ResponseEntity com.tournament.controller.TournamentController.getAllTournaments(); target is of class [com.tournament.controller.TournamentController]
2025-10-29T19:24:41.745Z DEBUG 34712 --- [           main] horizationManagerBeforeMethodInterceptor : Authorized method invocation ReflectiveMethodInvocation: public org.springframework.http.ResponseEntity com.tournament.controller.TournamentController.getAllTournaments(); target is of class [com.tournament.controller.TournamentController]
Hibernate: 
    select
        t1_0.id,
        t1_0.current_players,
        t1_0.game_id,
        t1_0.max_players,
        t1_0.name,
        t1_0.organizer_id,
        t1_0.public_id 
    from
        tournaments t1_0
Mapping Tournament to DTO: publicId=bb13b7f6-6db5-42c3-9bd9-d8ebae13838e
Hibernate: 
    select
        g1_0.id,
        g1_0.genre,
        g1_0.platform,
        g1_0.public_id,
        g1_0.title 
    from
        games g1_0 
    where
        g1_0.id=?
Hibernate: 
    select
        u1_0.id,
        u1_0.password,
        u1_0.public_id,
        u1_0.ranking,
        u1_0.role,
        u1_0.username 
    from
        users u1_0 
    where
        u1_0.id=?
Mapping Tournament to DTO: publicId=26c0e974-ca97-4421-a4e2-3015cba3843e
Hibernate: 
    select
        g1_0.id,
        g1_0.genre,
        g1_0.platform,
        g1_0.public_id,
        g1_0.title 
    from
        games g1_0 
    where
        g1_0.id=?
Hibernate: 
    select
        u1_0.id,
        u1_0.password,
        u1_0.public_id,
        u1_0.ranking,
        u1_0.role,
        u1_0.username 
    from
        users u1_0 
    where
        u1_0.id=?
Mapping Tournament to DTO: publicId=415bc4ad-e912-48c2-a06d-a91e36e33720
Hibernate: 
    select
        g1_0.id,
        g1_0.genre,
        g1_0.platform,
        g1_0.public_id,
        g1_0.title 
    from
        games g1_0 
    where
        g1_0.id=?
]]></system-out>
  </testcase>
</testsuite>